Arguments: 
  /home/vagrant/.nvm/versions/node/v14.21.3/bin/node /home/vagrant/.nvm/versions/node/v14.21.3/bin/yarn install

PATH: 
  /home/vagrant/.local/bin:/home/vagrant/.nvm/versions/node/v14.21.3/bin:/usr/local/sbin:/usr/local/bin:/usr/sbin:/usr/bin:/sbin:/bin:/usr/games:/usr/local/games:/snap/bin

Yarn version: 
  1.22.19

Node version: 
  14.21.3

Platform: 
  linux x64

Trace: 
  Error: getaddrinfo EAI_AGAIN registry.yarnpkg.com
      at GetAddrInfoReqWrap.onlookup [as oncomplete] (dns.js:71:26)

npm manifest: 
  {
    "scripts": {
      "lint": "./node_modules/.bin/eslint",
      "check-lint": "lint [0-9]*.js",
      "dev": "npx babel-node",
      "test": "jest",
      "full-test": "./node_modules/.bin/eslint [0-9]*.js && jest"
    },
    "devDependencies": {
      "@babel/core": "^7.6.0",
      "@babel/node": "^7.8.0",
      "@babel/preset-env": "^7.6.0",
      "eslint": "^6.4.0",
      "eslint-config-airbnb-base": "^14.0.0",
      "eslint-plugin-import": "^2.18.2",
      "eslint-plugin-jest": "^22.17.0",
      "jest": "^24.9.0"
    }
  }

yarn manifest: 
  No manifest

Lockfile: 
  No lockfile
